<?xml version="1.0" encoding="UTF-8"?>
<testsuite xmlns:xsi="http://www.w3.org/2001/XMLSchema-instance" xsi:noNamespaceSchemaLocation="https://maven.apache.org/surefire/maven-surefire-plugin/xsd/surefire-test-report.xsd" version="3.0.2" name="com.example.LogicOperationsTest" time="0.049" tests="3" errors="0" skipped="0" failures="0">
  <properties>
[...]
</properties>
  <testcase name="testAnd" classname="com.example.LogicOperationsTest" time="0.003"/>
  <testcase name="testNot" classname="com.example.LogicOperationsTest" time="0.0"/>
  <testcase name="testOr" classname="com.example.LogicOperationsTest" time="0.0"/>
</testsuite>